2024-04-30 19:06:09 [INFO] [task_scheduler.cc:160] Initializing Task #29: "fused_nn_batch_flatten"
2024-04-30 19:06:09 [INFO] [task_scheduler.cc:35] 
# from tvm.script import ir as I
# from tvm.script import tir as T

@I.ir_module
class Module:
    @T.prim_func
    def main(p0: T.Buffer((T.int64(1), T.int64(1), T.int64(1), T.int64(2048)), "float32"), tensor: T.Buffer((T.int64(1), T.int64(2048)), "float32")):
        T.func_attr({"tir.noalias": T.bool(True)})
        # with T.block("root"):
        for ax0, ax1 in T.grid(T.int64(1), T.int64(2048)):
            with T.block("tensor"):
                v_ax0, v_ax1 = T.axis.remap("SS", [ax0, ax1])
                T.reads(p0[v_ax0, T.int64(0), T.int64(0), v_ax1 % T.int64(2048)])
                T.writes(tensor[v_ax0, v_ax1])
                tensor[v_ax0, v_ax1] = p0[v_ax0, T.int64(0), T.int64(0), v_ax1 % T.int64(2048)]
2024-04-30 19:06:09 [INFO] [task_scheduler.cc:164] Total 1 design space(s) generated
2024-04-30 19:06:09 [INFO] [task_scheduler.cc:170] Design space #0:
# from tvm.script import ir as I
# from tvm.script import tir as T

@I.ir_module
class Module:
    @T.prim_func
    def main(p0: T.Buffer((T.int64(1), T.int64(1), T.int64(1), T.int64(2048)), "float32"), tensor: T.Buffer((T.int64(1), T.int64(2048)), "float32")):
        T.func_attr({"tir.noalias": T.bool(True)})
        with T.block("root"):
            T.reads()
            T.writes()
            T.block_attr({"meta_schedule.parallel": 96, "meta_schedule.vectorize": 64})
            for ax0, ax1 in T.grid(T.int64(1), T.int64(2048)):
                with T.block("tensor"):
                    v_ax0, v_ax1 = T.axis.remap("SS", [ax0, ax1])
                    T.reads(p0[v_ax0, T.int64(0), T.int64(0), v_ax1 % T.int64(2048)])
                    T.writes(tensor[v_ax0, v_ax1])
                    tensor[v_ax0, v_ax1] = p0[v_ax0, T.int64(0), T.int64(0), v_ax1 % T.int64(2048)]
b0 = sch.get_block(name="root", func_name="main")
sch.annotate(block_or_loop=b0, ann_key="meta_schedule.parallel", ann_val=96)
sch.annotate(block_or_loop=b0, ann_key="meta_schedule.vectorize", ann_val=64)
2024-04-30 19:13:55 [INFO] [task_scheduler.cc:160] Initializing Task #29: "fused_nn_batch_flatten"
2024-04-30 19:13:55 [INFO] [task_scheduler.cc:35] 
# from tvm.script import ir as I
# from tvm.script import tir as T

@I.ir_module
class Module:
    @T.prim_func
    def main(p0: T.Buffer((T.int64(1), T.int64(1), T.int64(1), T.int64(2048)), "float32"), tensor: T.Buffer((T.int64(1), T.int64(2048)), "float32")):
        T.func_attr({"tir.noalias": T.bool(True)})
        # with T.block("root"):
        for ax0, ax1 in T.grid(T.int64(1), T.int64(2048)):
            with T.block("tensor"):
                v_ax0, v_ax1 = T.axis.remap("SS", [ax0, ax1])
                T.reads(p0[v_ax0, T.int64(0), T.int64(0), v_ax1 % T.int64(2048)])
                T.writes(tensor[v_ax0, v_ax1])
                tensor[v_ax0, v_ax1] = p0[v_ax0, T.int64(0), T.int64(0), v_ax1 % T.int64(2048)]
2024-04-30 19:13:55 [INFO] [task_scheduler.cc:164] Total 1 design space(s) generated
2024-04-30 19:13:55 [INFO] [task_scheduler.cc:170] Design space #0:
# from tvm.script import ir as I
# from tvm.script import tir as T

@I.ir_module
class Module:
    @T.prim_func
    def main(p0: T.Buffer((T.int64(1), T.int64(1), T.int64(1), T.int64(2048)), "float32"), tensor: T.Buffer((T.int64(1), T.int64(2048)), "float32")):
        T.func_attr({"tir.noalias": T.bool(True)})
        with T.block("root"):
            T.reads()
            T.writes()
            T.block_attr({"meta_schedule.parallel": 96, "meta_schedule.vectorize": 64})
            for ax0, ax1 in T.grid(T.int64(1), T.int64(2048)):
                with T.block("tensor"):
                    v_ax0, v_ax1 = T.axis.remap("SS", [ax0, ax1])
                    T.reads(p0[v_ax0, T.int64(0), T.int64(0), v_ax1 % T.int64(2048)])
                    T.writes(tensor[v_ax0, v_ax1])
                    tensor[v_ax0, v_ax1] = p0[v_ax0, T.int64(0), T.int64(0), v_ax1 % T.int64(2048)]
b0 = sch.get_block(name="root", func_name="main")
sch.annotate(block_or_loop=b0, ann_key="meta_schedule.parallel", ann_val=96)
sch.annotate(block_or_loop=b0, ann_key="meta_schedule.vectorize", ann_val=64)
2024-04-30 19:35:19 [INFO] [evolutionary_search.cc:713] Generating candidates......
2024-04-30 19:35:19 [INFO] [evolutionary_search.cc:715] Picked top 0 candidate(s) from database
2024-04-30 19:35:19 [INFO] [evolutionary_search.cc:533] Sample-Init-Population summary:
Postproc #0 [meta_schedule.DisallowDynamicLoop(0x1483ebc8)]: 0 failure(s)
Postproc #1 [meta_schedule.RewriteParallelVectorizeUnroll(0x1079d918)]: 0 failure(s)
Postproc #2 [meta_schedule.RewriteReductionBlock(0x246943d8)]: 0 failure(s)
Postproc #3 [meta_schedule.RewriteLayout(0x74a8258)]: 0 failure(s)
2024-04-30 19:35:19 [INFO] [evolutionary_search.cc:723] Sampled 512 candidate(s)
2024-04-30 19:35:19 [INFO] [evolutionary_search.cc:621] Evolve iter #0 done. Summary:
Postproc #0 [meta_schedule.DisallowDynamicLoop(0x1483ebc8)]: 0 failure(s)
Postproc #1 [meta_schedule.RewriteParallelVectorizeUnroll(0x1079d918)]: 0 failure(s)
Postproc #2 [meta_schedule.RewriteReductionBlock(0x246943d8)]: 0 failure(s)
Postproc #3 [meta_schedule.RewriteLayout(0x74a8258)]: 0 failure(s)
2024-04-30 19:35:20 [INFO] [evolutionary_search.cc:621] Evolve iter #1 done. Summary:
Postproc #0 [meta_schedule.DisallowDynamicLoop(0x1483ebc8)]: 0 failure(s)
Postproc #1 [meta_schedule.RewriteParallelVectorizeUnroll(0x1079d918)]: 0 failure(s)
Postproc #2 [meta_schedule.RewriteReductionBlock(0x246943d8)]: 0 failure(s)
Postproc #3 [meta_schedule.RewriteLayout(0x74a8258)]: 0 failure(s)
2024-04-30 19:35:20 [INFO] [evolutionary_search.cc:621] Evolve iter #2 done. Summary:
Postproc #0 [meta_schedule.DisallowDynamicLoop(0x1483ebc8)]: 0 failure(s)
Postproc #1 [meta_schedule.RewriteParallelVectorizeUnroll(0x1079d918)]: 0 failure(s)
Postproc #2 [meta_schedule.RewriteReductionBlock(0x246943d8)]: 0 failure(s)
Postproc #3 [meta_schedule.RewriteLayout(0x74a8258)]: 0 failure(s)
2024-04-30 19:35:20 [INFO] [evolutionary_search.cc:621] Evolve iter #3 done. Summary:
Postproc #0 [meta_schedule.DisallowDynamicLoop(0x1483ebc8)]: 0 failure(s)
Postproc #1 [meta_schedule.RewriteParallelVectorizeUnroll(0x1079d918)]: 0 failure(s)
Postproc #2 [meta_schedule.RewriteReductionBlock(0x246943d8)]: 0 failure(s)
Postproc #3 [meta_schedule.RewriteLayout(0x74a8258)]: 0 failure(s)
2024-04-30 19:35:20 [INFO] [evolutionary_search.cc:649] Scores of the best 1 candidates:
[1 : 1]:	0.0707
2024-04-30 19:35:20 [INFO] [evolutionary_search.cc:727] Got 1 candidate(s) with evolutionary search
2024-04-30 19:35:20 [INFO] [evolutionary_search.cc:730] Sending 1 candidates(s) for measurement
2024-04-30 19:36:40 [INFO] [task_scheduler.cc:131] [Task #29: fused_nn_batch_flatten] Trial #1: GFLOPs: 0.0001. Time: 11.0734 us. Best GFLOPs: 0.0001
